#
# There is insufficient memory for the Java Runtime Environment to continue.
# Native memory allocation (malloc) failed to allocate 373664 bytes for Chunk::new
# Possible reasons:
#   The system is out of physical RAM or swap space
#   The process is running with CompressedOops enabled, and the Java Heap may be blocking the growth of the native heap
# Possible solutions:
#   Reduce memory load on the system
#   Increase physical memory or swap space
#   Check if swap backing store is full
#   Decrease Java heap size (-Xmx/-Xms)
#   Decrease number of Java threads
#   Decrease Java thread stack sizes (-Xss)
#   Set larger code cache with -XX:ReservedCodeCacheSize=
#   JVM is running with Unscaled Compressed Oops mode in which the Java heap is
#     placed in the first 4GB address space. The Java Heap base address is the
#     maximum limit for the native heap growth. Please use -XX:HeapBaseMinAddress
#     to set the Java Heap base and to place the Java Heap above 4GB virtual address.
# This output file may be truncated or incomplete.
#
#  Out of Memory Error (arena.cpp:195), pid=33688, tid=14880
#
# JRE version: Java(TM) SE Runtime Environment (16.0.2+7) (build 16.0.2+7-67)
# Java VM: Java HotSpot(TM) 64-Bit Server VM (16.0.2+7-67, mixed mode, sharing, tiered, compressed oops, compressed class ptrs, g1 gc, windows-amd64)
# No core dump will be written. Minidumps are not enabled by default on client versions of Windows
#

---------------  S U M M A R Y ------------

Command Line: -Dfile.encoding=UTF-8 -XX:+ShowCodeDetailsInExceptionMessages cucumber.api.cli.Main C:/Users/jaine/eclipse-workspace/CodingAssignment/src/test/resources/Features/FlighBooking.feature --glue classpath: --plugin pretty --monochrome

Host: Intel(R) Core(TM) i3-1005G1 CPU @ 1.20GHz, 4 cores, 3G,  Windows 10 , 64 bit Build 19041 (10.0.19041.1151)
Time: Tue Sep  7 22:06:56 2021 W. Europe Summer Time elapsed time: 16.323887 seconds (0d 0h 0m 16s)

---------------  T H R E A D  ---------------

Current thread (0x00000217727877a0):  JavaThread "C2 CompilerThread0" daemon [_thread_in_native, id=14880, stack(0x00000051bed00000,0x00000051bee00000)]


Current CompileTask:
C2:  16323 2685       4       java.util.Collections$SetFromMap::remove (19 bytes)

Stack: [0x00000051bed00000,0x00000051bee00000]
Native frames: (J=compiled Java code, j=interpreted, Vv=VM code, C=native code)
V  [jvm.dll+0x6681ca]
V  [jvm.dll+0x7c9e69]
V  [jvm.dll+0x7cb61e]
V  [jvm.dll+0x7cbc73]
V  [jvm.dll+0x242c55]
V  [jvm.dll+0xadeba]
V  [jvm.dll+0xae45c]
V  [jvm.dll+0x35a8d7]
V  [jvm.dll+0x324de1]
V  [jvm.dll+0x32428a]
V  [jvm.dll+0x215cec]
V  [jvm.dll+0x215100]
V  [jvm.dll+0x1a1beb]
V  [jvm.dll+0x225158]
V  [jvm.dll+0x22319c]
V  [jvm.dll+0x77fa62]
V  [jvm.dll+0x7795aa]
V  [jvm.dll+0x667066]
C  [ucrtbase.dll+0x21bb2]
C  [KERNEL32.DLL+0x17034]
C  [ntdll.dll+0x52651]


---------------  P R O C E S S  ---------------

Threads class SMR info:
_java_thread_list=0x0000021774f00790, length=22, elements={
0x000002175795b480, 0x0000021772761b40, 0x0000021772764ef0, 0x0000021772771b30,
0x0000021772772ed0, 0x00000217727783e0, 0x0000021772778e80, 0x00000217727877a0,
0x000002177278cd30, 0x00000217727fd9d0, 0x00000217727793d0, 0x0000021772779e70,
0x0000021772777e90, 0x0000021772779920, 0x000002177277a910, 0x000002177277ae60,
0x0000021772778930, 0x0000021772777940, 0x0000021774d82be0, 0x0000021774d82140,
0x0000021774d80160, 0x0000021774d84120
}

Java Threads: ( => current thread )
  0x000002175795b480 JavaThread "Forwarding newSession on session null to remote" [_thread_in_native, id=19400, stack(0x00000051be000000,0x00000051be100000)]
  0x0000021772761b40 JavaThread "Reference Handler" daemon [_thread_blocked, id=32296, stack(0x00000051be700000,0x00000051be800000)]
  0x0000021772764ef0 JavaThread "Finalizer" daemon [_thread_blocked, id=35848, stack(0x00000051be800000,0x00000051be900000)]
  0x0000021772771b30 JavaThread "Signal Dispatcher" daemon [_thread_blocked, id=37688, stack(0x00000051be900000,0x00000051bea00000)]
  0x0000021772772ed0 JavaThread "Attach Listener" daemon [_thread_blocked, id=35572, stack(0x00000051bea00000,0x00000051beb00000)]
  0x00000217727783e0 JavaThread "Service Thread" daemon [_thread_blocked, id=3768, stack(0x00000051beb00000,0x00000051bec00000)]
  0x0000021772778e80 JavaThread "Monitor Deflation Thread" daemon [_thread_blocked, id=19704, stack(0x00000051bec00000,0x00000051bed00000)]
=>0x00000217727877a0 JavaThread "C2 CompilerThread0" daemon [_thread_in_native, id=14880, stack(0x00000051bed00000,0x00000051bee00000)]
  0x000002177278cd30 JavaThread "C1 CompilerThread0" daemon [_thread_blocked, id=27472, stack(0x00000051bee00000,0x00000051bef00000)]
  0x00000217727fd9d0 JavaThread "Sweeper thread" daemon [_thread_blocked, id=21800, stack(0x00000051bef00000,0x00000051bf000000)]
  0x00000217727793d0 JavaThread "Notification Thread" daemon [_thread_blocked, id=22980, stack(0x00000051bf000000,0x00000051bf100000)]
  0x0000021772779e70 JavaThread "Common-Cleaner" daemon [_thread_blocked, id=23492, stack(0x00000051bf200000,0x00000051bf300000)]
  0x0000021772777e90 JavaThread "ForkJoinPool.commonPool-worker-3" daemon [_thread_blocked, id=36368, stack(0x00000051bf600000,0x00000051bf700000)]
  0x0000021772779920 JavaThread "AsyncHttpClient-1-1" daemon [_thread_blocked, id=33136, stack(0x00000051bf700000,0x00000051bf800000)]
  0x000002177277a910 JavaThread "netty-client-timer-3-1" daemon [_thread_blocked, id=34072, stack(0x00000051bf800000,0x00000051bf900000)]
  0x000002177277ae60 JavaThread "Exec Default Executor" daemon [_thread_in_native, id=35028, stack(0x00000051bf900000,0x00000051bfa00000)]
  0x0000021772778930 JavaThread "Driver Service Executor" daemon [_thread_blocked, id=28000, stack(0x00000051bfa00000,0x00000051bfb00000)]
  0x0000021772777940 JavaThread "Driver Service Executor" daemon [_thread_blocked, id=33860, stack(0x00000051bfb00000,0x00000051bfc00000)]
  0x0000021774d82be0 JavaThread "UrlChecker-2" daemon [_thread_blocked, id=24152, stack(0x00000051bfc00000,0x00000051bfd00000)]
  0x0000021774d82140 JavaThread "Exec Stream Pumper" daemon [_thread_in_native, id=34952, stack(0x00000051bfe00000,0x00000051bff00000)]
  0x0000021774d80160 JavaThread "Exec Stream Pumper" daemon [_thread_in_native, id=36340, stack(0x00000051bff00000,0x00000051c0000000)]
  0x0000021774d84120 JavaThread "AsyncHttpClient-1-2" daemon [_thread_in_native, id=36292, stack(0x00000051c0100000,0x00000051c0200000)]

Other Threads:
  0x000002177275c8a0 VMThread "VM Thread" [stack: 0x00000051be600000,0x00000051be700000] [id=24616]
  0x000002177345aac0 WatcherThread [stack: 0x00000051bf100000,0x00000051bf200000] [id=30260]
  0x0000021757989360 GCTaskThread "GC Thread#0" [stack: 0x00000051be100000,0x00000051be200000] [id=3272]
  0x0000021773ad49b0 GCTaskThread "GC Thread#1" [stack: 0x00000051bf300000,0x00000051bf400000] [id=14752]
  0x0000021773abc740 GCTaskThread "GC Thread#2" [stack: 0x00000051bf400000,0x00000051bf500000] [id=28740]
  0x0000021773bf8310 GCTaskThread "GC Thread#3" [stack: 0x00000051bf500000,0x00000051bf600000] [id=35160]
  0x0000021757992a30 ConcurrentGCThread "G1 Main Marker" [stack: 0x00000051be200000,0x00000051be300000] [id=34968]
  0x0000021757993c40 ConcurrentGCThread "G1 Conc#0" [stack: 0x00000051be300000,0x00000051be400000] [id=28212]
  0x00000217579d3730 ConcurrentGCThread "G1 Refine#0" [stack: 0x00000051be400000,0x00000051be500000] [id=37148]
  0x00000217579d41b0 ConcurrentGCThread "G1 Service" [stack: 0x00000051be500000,0x00000051be600000] [id=32248]

Threads with active compile tasks:
C2 CompilerThread0    16366 2685       4       java.util.Collections$SetFromMap::remove (19 bytes)
C1 CompilerThread0    16366 2710       3       com.google.common.base.CharMatcher::indexIn (48 bytes)

VM state: not at safepoint (normal execution)

VM Mutex/Monitor currently owned by a thread: None

Heap address: 0x00000000c4c00000, size: 948 MB, Compressed Oops mode: 32-bit

CDS archive(s) mapped at: [0x0000000800000000-0x0000000800bb0000-0x0000000800bb0000), size 12255232, SharedBaseAddress: 0x0000000800000000, ArchiveRelocationMode: 0.
Compressed class space mapped at: 0x0000000800c00000-0x0000000840c00000, reserved size: 1073741824
Narrow klass base: 0x0000000800000000, Narrow klass shift: 3, Narrow klass range: 0x100000000

GC Precious Log:
 CPUs: 4 total, 4 available
 Memory: 3785M
 Large Page Support: Disabled
 NUMA Support: Disabled
 Compressed Oops: Enabled (32-bit)
 Heap Region Size: 1M
 Heap Min Capacity: 8M
 Heap Initial Capacity: 60M
 Heap Max Capacity: 948M
 Pre-touch: Disabled
 Parallel Workers: 4
 Concurrent Workers: 1
 Concurrent Refinement Workers: 4
 Periodic GC: Disabled

Heap:
 garbage-first heap   total 48128K, used 34361K [0x00000000c4c00000, 0x0000000100000000)
  region size 1024K, 6 young (6144K), 2 survivors (2048K)
 Metaspace       used 26980K, committed 27200K, reserved 1073152K
  class space    used 3321K, committed 3456K, reserved 1048576K

Heap Regions: E=young(eden), S=young(survivor), O=old, HS=humongous(starts), HC=humongous(continues), CS=collection set, F=free, OA=open archive, CA=closed archive, TAMS=top-at-mark-start (previous, next)
|   0|0x00000000c4c00000, 0x00000000c4d00000, 0x00000000c4d00000|100%| O|  |TAMS 0x00000000c4d00000, 0x00000000c4d00000| Untracked 
|   1|0x00000000c4d00000, 0x00000000c4e00000, 0x00000000c4e00000|100%| O|  |TAMS 0x00000000c4e00000, 0x00000000c4e00000| Untracked 
|   2|0x00000000c4e00000, 0x00000000c4f00000, 0x00000000c4f00000|100%| O|  |TAMS 0x00000000c4f00000, 0x00000000c4f00000| Untracked 
|   3|0x00000000c4f00000, 0x00000000c5000000, 0x00000000c5000000|100%| O|  |TAMS 0x00000000c5000000, 0x00000000c5000000| Untracked 
|   4|0x00000000c5000000, 0x00000000c5100000, 0x00000000c5100000|100%| O|  |TAMS 0x00000000c5100000, 0x00000000c5100000| Untracked 
|   5|0x00000000c5100000, 0x00000000c5200000, 0x00000000c5200000|100%| O|  |TAMS 0x00000000c5200000, 0x00000000c5200000| Untracked 
|   6|0x00000000c5200000, 0x00000000c5300000, 0x00000000c5300000|100%| O|  |TAMS 0x00000000c5300000, 0x00000000c5300000| Untracked 
|   7|0x00000000c5300000, 0x00000000c5400000, 0x00000000c5400000|100%| O|  |TAMS 0x00000000c5400000, 0x00000000c5400000| Untracked 
|   8|0x00000000c5400000, 0x00000000c5443a00, 0x00000000c5500000| 26%| O|  |TAMS 0x00000000c5419000, 0x00000000c5443a00| Untracked 
|   9|0x00000000c5500000, 0x00000000c5600000, 0x00000000c5600000|100%| O|  |TAMS 0x00000000c5500000, 0x00000000c5500000| Untracked 
|  10|0x00000000c5600000, 0x00000000c5700000, 0x00000000c5700000|100%| O|  |TAMS 0x00000000c5600000, 0x00000000c5600000| Untracked 
|  11|0x00000000c5700000, 0x00000000c5800000, 0x00000000c5800000|100%| O|  |TAMS 0x00000000c5700000, 0x00000000c5700000| Untracked 
|  12|0x00000000c5800000, 0x00000000c58f4200, 0x00000000c5900000| 95%| O|  |TAMS 0x00000000c5800000, 0x00000000c5800000| Untracked 
|  13|0x00000000c5900000, 0x00000000c5900000, 0x00000000c5a00000|  0%| F|  |TAMS 0x00000000c5900000, 0x00000000c5900000| Untracked 
|  14|0x00000000c5a00000, 0x00000000c5a00000, 0x00000000c5b00000|  0%| F|  |TAMS 0x00000000c5a00000, 0x00000000c5a00000| Untracked 
|  15|0x00000000c5b00000, 0x00000000c5b00000, 0x00000000c5c00000|  0%| F|  |TAMS 0x00000000c5b00000, 0x00000000c5b00000| Untracked 
|  16|0x00000000c5c00000, 0x00000000c5c00000, 0x00000000c5d00000|  0%| F|  |TAMS 0x00000000c5c00000, 0x00000000c5c00000| Untracked 
|  17|0x00000000c5d00000, 0x00000000c5d00000, 0x00000000c5e00000|  0%| F|  |TAMS 0x00000000c5d00000, 0x00000000c5d00000| Untracked 
|  18|0x00000000c5e00000, 0x00000000c5e00000, 0x00000000c5f00000|  0%| F|  |TAMS 0x00000000c5e00000, 0x00000000c5e00000| Untracked 
|  19|0x00000000c5f00000, 0x00000000c5f00000, 0x00000000c6000000|  0%| F|  |TAMS 0x00000000c5f00000, 0x00000000c5f00000| Untracked 
|  20|0x00000000c6000000, 0x00000000c6056a88, 0x00000000c6100000| 33%| S|CS|TAMS 0x00000000c6000000, 0x00000000c6000000| Complete 
|  21|0x00000000c6100000, 0x00000000c6200000, 0x00000000c6200000|100%| S|CS|TAMS 0x00000000c6100000, 0x00000000c6100000| Complete 
|  22|0x00000000c6200000, 0x00000000c6300000, 0x00000000c6300000|100%|HS|  |TAMS 0x00000000c6200000, 0x00000000c6200000| Complete 
|  23|0x00000000c6300000, 0x00000000c6400000, 0x00000000c6400000|100%|HC|  |TAMS 0x00000000c6300000, 0x00000000c6300000| Complete 
|  24|0x00000000c6400000, 0x00000000c6500000, 0x00000000c6500000|100%|HC|  |TAMS 0x00000000c6400000, 0x00000000c6400000| Complete 
|  25|0x00000000c6500000, 0x00000000c6600000, 0x00000000c6600000|100%|HC|  |TAMS 0x00000000c6500000, 0x00000000c6500000| Complete 
|  26|0x00000000c6600000, 0x00000000c6700000, 0x00000000c6700000|100%|HC|  |TAMS 0x00000000c6600000, 0x00000000c6600000| Complete 
|  27|0x00000000c6700000, 0x00000000c6800000, 0x00000000c6800000|100%|HC|  |TAMS 0x00000000c6700000, 0x00000000c6700000| Complete 
|  28|0x00000000c6800000, 0x00000000c6900000, 0x00000000c6900000|100%|HC|  |TAMS 0x00000000c6800000, 0x00000000c6800000| Complete 
|  29|0x00000000c6900000, 0x00000000c6a00000, 0x00000000c6a00000|100%|HC|  |TAMS 0x00000000c6900000, 0x00000000c6900000| Complete 
|  30|0x00000000c6a00000, 0x00000000c6b00000, 0x00000000c6b00000|100%|HC|  |TAMS 0x00000000c6a00000, 0x00000000c6a00000| Complete 
|  31|0x00000000c6b00000, 0x00000000c6c00000, 0x00000000c6c00000|100%|HC|  |TAMS 0x00000000c6b00000, 0x00000000c6b00000| Complete 
|  32|0x00000000c6c00000, 0x00000000c6d00000, 0x00000000c6d00000|100%|HC|  |TAMS 0x00000000c6c00000, 0x00000000c6c00000| Complete 
|  33|0x00000000c6d00000, 0x00000000c6e00000, 0x00000000c6e00000|100%|HC|  |TAMS 0x00000000c6d00000, 0x00000000c6d00000| Complete 
|  34|0x00000000c6e00000, 0x00000000c6f00000, 0x00000000c6f00000|100%|HC|  |TAMS 0x00000000c6e00000, 0x00000000c6e00000| Complete 
|  35|0x00000000c6f00000, 0x00000000c7000000, 0x00000000c7000000|100%|HC|  |TAMS 0x00000000c6f00000, 0x00000000c6f00000| Complete 
|  36|0x00000000c7000000, 0x00000000c7100000, 0x00000000c7100000|100%|HC|  |TAMS 0x00000000c7000000, 0x00000000c7000000| Complete 
|  37|0x00000000c7100000, 0x00000000c7200000, 0x00000000c7200000|100%|HC|  |TAMS 0x00000000c7100000, 0x00000000c7100000| Complete 
|  38|0x00000000c7200000, 0x00000000c7300000, 0x00000000c7300000|100%|HC|  |TAMS 0x00000000c7200000, 0x00000000c7200000| Complete 
|  39|0x00000000c7300000, 0x00000000c7300000, 0x00000000c7400000|  0%| F|  |TAMS 0x00000000c7300000, 0x00000000c7300000| Untracked 
|  40|0x00000000c7400000, 0x00000000c7400000, 0x00000000c7500000|  0%| F|  |TAMS 0x00000000c7400000, 0x00000000c7400000| Untracked 
|  41|0x00000000c7500000, 0x00000000c7500000, 0x00000000c7600000|  0%| F|  |TAMS 0x00000000c7500000, 0x00000000c7500000| Untracked 
|  42|0x00000000c7600000, 0x00000000c7600000, 0x00000000c7700000|  0%| F|  |TAMS 0x00000000c7600000, 0x00000000c7600000| Untracked 
|  43|0x00000000c7700000, 0x00000000c77a4dc0, 0x00000000c7800000| 64%| E|  |TAMS 0x00000000c7700000, 0x00000000c7700000| Complete 
|  44|0x00000000c7800000, 0x00000000c7900000, 0x00000000c7900000|100%| E|CS|TAMS 0x00000000c7800000, 0x00000000c7800000| Complete 
|  45|0x00000000c7900000, 0x00000000c7a00000, 0x00000000c7a00000|100%| E|CS|TAMS 0x00000000c7900000, 0x00000000c7900000| Complete 
|  59|0x00000000c8700000, 0x00000000c8800000, 0x00000000c8800000|100%| E|CS|TAMS 0x00000000c8700000, 0x00000000c8700000| Complete 

Card table byte_map: [0x000002176e0d0000,0x000002176e2b0000] _byte_map_base: 0x000002176daaa000

Marking Bits (Prev, Next): (CMBitMap*) 0x000002175798aa20, (CMBitMap*) 0x000002175798a9e0
 Prev Bits: [0x000002176f360000, 0x0000021770230000)
 Next Bits: [0x000002176e490000, 0x000002176f360000)

Polling page: 0x0000021755930000

Metaspace:

Usage:
  Non-class:     23.11 MB used.
      Class:      3.24 MB used.
       Both:     26.35 MB used.

Virtual space:
  Non-class space:       24.00 MB reserved,      23.25 MB ( 97%) committed,  3 nodes.
      Class space:        1.00 GB reserved,       3.38 MB ( <1%) committed,  1 nodes.
              Both:        1.02 GB reserved,      26.62 MB (  3%) committed. 

Chunk freelists:
   Non-Class:  48.00 KB
       Class:  576.00 KB
        Both:  624.00 KB

MaxMetaspaceSize: 17179869184.00 GB
CompressedClassSpaceSize: 1.00 GB
 - commit_granule_bytes: 65536.
 - commit_granule_words: 8192.
 - virtual_space_node_default_size: 1048576.
 - enlarge_chunks_in_place: 1.
 - new_chunks_are_fully_committed: 0.
 - uncommit_free_chunks: 1.
 - use_allocation_guard: 0.
 - handle_deallocations: 1.


Internal statistics:

num_allocs_failed_limit: 3.
num_arena_births: 234.
num_arena_deaths: 0.
num_vsnodes_births: 4.
num_vsnodes_deaths: 0.
num_space_committed: 426.
num_space_uncommitted: 0.
num_chunks_returned_to_freelist: 3.
num_chunks_taken_from_freelist: 949.
num_chunk_merges: 3.
num_chunk_splits: 694.
num_chunks_enlarged: 564.
num_purges: 0.

CodeHeap 'non-profiled nmethods': size=120000Kb used=1131Kb max_used=1131Kb free=118868Kb
 bounds [0x0000021766ba0000, 0x0000021766e10000, 0x000002176e0d0000]
CodeHeap 'profiled nmethods': size=120000Kb used=5419Kb max_used=5419Kb free=114580Kb
 bounds [0x000002175f670000, 0x000002175fbc0000, 0x0000021766ba0000]
CodeHeap 'non-nmethods': size=5760Kb used=1312Kb max_used=1341Kb free=4447Kb
 bounds [0x000002175f0d0000, 0x000002175f340000, 0x000002175f670000]
 total_blobs=3323 nmethods=2709 adapters=525
 compilation: enabled
              stopped_count=0, restarted_count=0
 full_count=0

Compilation events (20 events):
Event: 9.981 Thread 0x000002177278cd30 nmethod 2674 0x000002175fba4b10 code [0x000002175fba4ca0, 0x000002175fba4d98]
Event: 10.186 Thread 0x000002177278cd30 2675       1       io.netty.util.HashedWheelTimer::access$1000 (5 bytes)
Event: 10.187 Thread 0x000002177278cd30 nmethod 2675 0x0000021766cb9b90 code [0x0000021766cb9d20, 0x0000021766cb9dd8]
Event: 12.036 Thread 0x000002177278cd30 2677       1       org.apache.commons.exec.DefaultExecuteResultHandler::hasResult (5 bytes)
Event: 12.036 Thread 0x000002177278cd30 nmethod 2677 0x0000021766cba290 code [0x0000021766cba420, 0x0000021766cba4f8]
Event: 12.982 Thread 0x000002177278cd30 2678       3       io.netty.util.internal.shaded.org.jctools.queues.BaseMpscLinkedArrayQueue::poll (108 bytes)
Event: 12.984 Thread 0x000002177278cd30 nmethod 2678 0x000002175fba4e10 code [0x000002175fba5060, 0x000002175fba58c8]
Event: 13.982 Thread 0x000002177278cd30 2679       3       java.util.concurrent.atomic.AtomicIntegerFieldUpdater$AtomicIntegerFieldUpdaterImpl::accessCheck (17 bytes)
Event: 13.982 Thread 0x000002177278cd30 nmethod 2679 0x000002175fba5c10 code [0x000002175fba5dc0, 0x000002175fba5f88]
Event: 15.898 Thread 0x000002177278cd30 2680       3       java.util.concurrent.atomic.AtomicIntegerFieldUpdater$AtomicIntegerFieldUpdaterImpl::get (17 bytes)
Event: 15.898 Thread 0x000002177278cd30 nmethod 2680 0x000002175fba6090 code [0x000002175fba6240, 0x000002175fba6468]
Event: 16.252 Thread 0x000002177278cd30 2681       1       java.security.PermissionCollection::isReadOnly (5 bytes)
Event: 16.252 Thread 0x000002177278cd30 nmethod 2681 0x0000021766cba590 code [0x0000021766cba720, 0x0000021766cba7f8]
Event: 16.259 Thread 0x000002177278cd30 2682       1       io.netty.channel.DefaultChannelPipeline::channel (5 bytes)
Event: 16.259 Thread 0x000002177278cd30 nmethod 2682 0x0000021766cba890 code [0x0000021766cbaa20, 0x0000021766cbaaf8]
Event: 16.261 Thread 0x000002177278cd30 2683       3       java.util.EnumSet::typeCheck (59 bytes)
Event: 16.262 Thread 0x000002177278cd30 nmethod 2683 0x000002175fba6590 code [0x000002175fba6840, 0x000002175fba7338]
Event: 16.295 Thread 0x000002177278cd30 2684       3       com.google.common.base.Preconditions::checkNotNull (14 bytes)
Event: 16.296 Thread 0x000002177278cd30 nmethod 2684 0x000002175fba7710 code [0x000002175fba78c0, 0x000002175fba7aa8]
Event: 16.307 Thread 0x00000217727877a0 2685       4       java.util.Collections$SetFromMap::remove (19 bytes)

GC Heap History (12 events):
Event: 0.967 GC heap before
{Heap before GC invocations=0 (full 0):
 garbage-first heap   total 61440K, used 12288K [0x00000000c4c00000, 0x0000000100000000)
  region size 1024K, 13 young (13312K), 0 survivors (0K)
 Metaspace       used 2193K, committed 2304K, reserved 1056768K
  class space    used 214K, committed 256K, reserved 1048576K
}
Event: 0.976 GC heap after
{Heap after GC invocations=1 (full 0):
 garbage-first heap   total 61440K, used 6111K [0x00000000c4c00000, 0x0000000100000000)
  region size 1024K, 2 young (2048K), 2 survivors (2048K)
 Metaspace       used 2193K, committed 2304K, reserved 1056768K
  class space    used 214K, committed 256K, reserved 1048576K
}
Event: 1.591 GC heap before
{Heap before GC invocations=1 (full 0):
 garbage-first heap   total 61440K, used 15327K [0x00000000c4c00000, 0x0000000100000000)
  region size 1024K, 12 young (12288K), 2 survivors (2048K)
 Metaspace       used 5390K, committed 5568K, reserved 1056768K
  class space    used 531K, committed 640K, reserved 1048576K
}
Event: 1.595 GC heap after
{Heap after GC invocations=2 (full 0):
 garbage-first heap   total 61440K, used 7031K [0x00000000c4c00000, 0x0000000100000000)
  region size 1024K, 1 young (1024K), 1 survivors (1024K)
 Metaspace       used 5390K, committed 5568K, reserved 1056768K
  class space    used 531K, committed 640K, reserved 1048576K
}
Event: 2.344 GC heap before
{Heap before GC invocations=2 (full 0):
 garbage-first heap   total 61440K, used 25463K [0x00000000c4c00000, 0x0000000100000000)
  region size 1024K, 20 young (20480K), 1 survivors (1024K)
 Metaspace       used 8321K, committed 8448K, reserved 1064960K
  class space    used 903K, committed 960K, reserved 1048576K
}
Event: 2.348 GC heap after
{Heap after GC invocations=3 (full 0):
 garbage-first heap   total 61440K, used 10036K [0x00000000c4c00000, 0x0000000100000000)
  region size 1024K, 3 young (3072K), 3 survivors (3072K)
 Metaspace       used 8321K, committed 8448K, reserved 1064960K
  class space    used 903K, committed 960K, reserved 1048576K
}
Event: 3.127 GC heap before
{Heap before GC invocations=3 (full 0):
 garbage-first heap   total 61440K, used 38708K [0x00000000c4c00000, 0x0000000100000000)
  region size 1024K, 31 young (31744K), 3 survivors (3072K)
 Metaspace       used 14198K, committed 14464K, reserved 1064960K
  class space    used 1650K, committed 1792K, reserved 1048576K
}
Event: 3.132 GC heap after
{Heap after GC invocations=4 (full 0):
 garbage-first heap   total 61440K, used 10106K [0x00000000c4c00000, 0x0000000100000000)
  region size 1024K, 2 young (2048K), 2 survivors (2048K)
 Metaspace       used 14198K, committed 14464K, reserved 1064960K
  class space    used 1650K, committed 1792K, reserved 1048576K
}
Event: 4.029 GC heap before
{Heap before GC invocations=4 (full 0):
 garbage-first heap   total 61440K, used 29562K [0x00000000c4c00000, 0x0000000100000000)
  region size 1024K, 22 young (22528K), 2 survivors (2048K)
 Metaspace       used 21043K, committed 21248K, reserved 1073152K
  class space    used 2440K, committed 2560K, reserved 1048576K
}
Event: 4.036 GC heap after
{Heap after GC invocations=5 (full 0):
 garbage-first heap   total 61440K, used 12558K [0x00000000c4c00000, 0x0000000100000000)
  region size 1024K, 4 young (4096K), 4 survivors (4096K)
 Metaspace       used 21043K, committed 21248K, reserved 1073152K
  class space    used 2440K, committed 2560K, reserved 1048576K
}
Event: 4.978 GC heap before
{Heap before GC invocations=6 (full 0):
 garbage-first heap   total 48128K, used 32014K [0x00000000c4c00000, 0x0000000100000000)
  region size 1024K, 25 young (25600K), 4 survivors (4096K)
 Metaspace       used 26082K, committed 26304K, reserved 1073152K
  class space    used 3180K, committed 3264K, reserved 1048576K
}
Event: 4.987 GC heap after
{Heap after GC invocations=7 (full 0):
 garbage-first heap   total 48128K, used 13881K [0x00000000c4c00000, 0x0000000100000000)
  region size 1024K, 2 young (2048K), 2 survivors (2048K)
 Metaspace       used 26082K, committed 26304K, reserved 1073152K
  class space    used 3180K, committed 3264K, reserved 1048576K
}

Deoptimization events (20 events):
Event: 4.048 Thread 0x000002175795b480 Uncommon trap: trap_request=0xffffff45 fr.pc=0x0000021766c734b8 relative=0x0000000000000298
Event: 4.048 Thread 0x000002175795b480 Uncommon trap: reason=unstable_if action=reinterpret pc=0x0000021766c734b8 method=java.util.WeakHashMap.expungeStaleEntries()V @ 9 c2
Event: 4.048 Thread 0x000002175795b480 DEOPT PACKING pc=0x0000021766c734b8 sp=0x00000051be0f5af0
Event: 4.048 Thread 0x000002175795b480 DEOPT UNPACKING pc=0x000002175f11f92e sp=0x00000051be0f5a88 mode 2
Event: 4.226 Thread 0x000002175795b480 Uncommon trap: trap_request=0xffffff45 fr.pc=0x0000021766bf5ac4 relative=0x0000000000000584
Event: 4.226 Thread 0x000002175795b480 Uncommon trap: reason=unstable_if action=reinterpret pc=0x0000021766bf5ac4 method=java.lang.String.replace(CC)Ljava/lang/String; @ 2 c2
Event: 4.226 Thread 0x000002175795b480 DEOPT PACKING pc=0x0000021766bf5ac4 sp=0x00000051be0fd1d0
Event: 4.226 Thread 0x000002175795b480 DEOPT UNPACKING pc=0x000002175f11f92e sp=0x00000051be0fd180 mode 2
Event: 4.249 Thread 0x0000021774d82be0 Uncommon trap: trap_request=0xffffff45 fr.pc=0x0000021766c799f4 relative=0x00000000000000d4
Event: 4.249 Thread 0x0000021774d82be0 Uncommon trap: reason=unstable_if action=reinterpret pc=0x0000021766c799f4 method=java.lang.CharacterDataLatin1.digit(II)I @ 12 c2
Event: 4.249 Thread 0x0000021774d82be0 DEOPT PACKING pc=0x0000021766c799f4 sp=0x00000051bfcfe9f0
Event: 4.249 Thread 0x0000021774d82be0 DEOPT UNPACKING pc=0x000002175f11f92e sp=0x00000051bfcfe8a8 mode 2
Event: 4.284 Thread 0x0000021774d82be0 Uncommon trap: trap_request=0xffffff45 fr.pc=0x0000021766c79648 relative=0x00000000000000a8
Event: 4.284 Thread 0x0000021774d82be0 Uncommon trap: reason=unstable_if action=reinterpret pc=0x0000021766c79648 method=java.lang.CharacterDataLatin1.digit(II)I @ 12 c2
Event: 4.284 Thread 0x0000021774d82be0 DEOPT PACKING pc=0x0000021766c79648 sp=0x00000051bfcfe910
Event: 4.284 Thread 0x0000021774d82be0 DEOPT UNPACKING pc=0x000002175f11f92e sp=0x00000051bfcfe8a0 mode 2
Event: 4.705 Thread 0x000002175795b480 Uncommon trap: trap_request=0xffffff45 fr.pc=0x0000021766c4f9a4 relative=0x0000000000000084
Event: 4.705 Thread 0x000002175795b480 Uncommon trap: reason=unstable_if action=reinterpret pc=0x0000021766c4f9a4 method=java.lang.CharacterDataLatin1.isWhitespace(I)Z @ 14 c2
Event: 4.705 Thread 0x000002175795b480 DEOPT PACKING pc=0x0000021766c4f9a4 sp=0x00000051be0fd050
Event: 4.705 Thread 0x000002175795b480 DEOPT UNPACKING pc=0x000002175f11f92e sp=0x00000051be0fcfc0 mode 2

Classes unloaded (0 events):
No events

Classes redefined (0 events):
No events

Internal exceptions (20 events):
Event: 4.249 Thread 0x000002177277ae60 Exception <a 'java/lang/NoSuchMethodError'{0x00000000c6f1d0c8}: 'java.lang.Object java.lang.invoke.DirectMethodHandle$Holder.invokeStatic(java.lang.Object, java.lang.Object, long, java.lang.Object)'> (0x00000000c6f1d0c8) 
thrown [t:\workspace\open\src\hotspot\share\interpreter\linkResolver.cpp, line 790]
Event: 4.250 Thread 0x000002177277ae60 Exception <a 'java/lang/NoSuchMethodError'{0x00000000c6f20ac0}: 'java.lang.Object java.lang.invoke.DirectMethodHandle$Holder.invokeStaticInit(java.lang.Object, java.lang.Object, long, java.lang.Object)'> (0x00000000c6f20ac0) 
thrown [t:\workspace\open\src\hotspot\share\interpreter\linkResolver.cpp, line 790]
Event: 4.250 Thread 0x000002177277ae60 Exception <a 'java/lang/NoSuchMethodError'{0x00000000c6f26e38}: 'java.lang.Object java.lang.invoke.DirectMethodHandle$Holder.newInvokeSpecial(java.lang.Object, java.lang.Object, long)'> (0x00000000c6f26e38) 
thrown [t:\workspace\open\src\hotspot\share\interpreter\linkResolver.cpp, line 790]
Event: 4.251 Thread 0x000002177277ae60 Exception <a 'java/lang/NoSuchMethodError'{0x00000000c6f2aba8}: 'java.lang.Object java.lang.invoke.Invokers$Holder.linkToTargetMethod(java.lang.Object, long, java.lang.Object)'> (0x00000000c6f2aba8) 
thrown [t:\workspace\open\src\hotspot\share\interpreter\linkResolver.cpp, line 790]
Event: 4.258 Thread 0x0000021774d82be0 Exception <a 'java/net/ConnectException'{0x00000000c6f6b370}: Connection refused: no further information> (0x00000000c6f6b370) 
thrown [t:\workspace\open\src\hotspot\share\prims\jni.cpp, line 600]
Event: 4.259 Thread 0x0000021774d82be0 Exception <a 'java/net/SocketException'{0x00000000c6f6b6a8}: Socket is not connected: shutdown> (0x00000000c6f6b6a8) 
thrown [t:\workspace\open\src\hotspot\share\prims\jni.cpp, line 600]
Event: 4.285 Thread 0x0000021774d82be0 Exception <a 'java/net/ConnectException'{0x00000000c6f6c690}: Connection refused: no further information> (0x00000000c6f6c690) 
thrown [t:\workspace\open\src\hotspot\share\prims\jni.cpp, line 600]
Event: 4.285 Thread 0x0000021774d82be0 Exception <a 'java/net/SocketException'{0x00000000c6f6c9c8}: Socket is not connected: shutdown> (0x00000000c6f6c9c8) 
thrown [t:\workspace\open\src\hotspot\share\prims\jni.cpp, line 600]
Event: 4.316 Thread 0x0000021774d82be0 Exception <a 'java/net/ConnectException'{0x00000000c6f6d8e0}: Connection refused: no further information> (0x00000000c6f6d8e0) 
thrown [t:\workspace\open\src\hotspot\share\prims\jni.cpp, line 600]
Event: 4.316 Thread 0x0000021774d82be0 Exception <a 'java/net/SocketException'{0x00000000c6f6dc18}: Socket is not connected: shutdown> (0x00000000c6f6dc18) 
thrown [t:\workspace\open\src\hotspot\share\prims\jni.cpp, line 600]
Event: 4.362 Thread 0x0000021774d82be0 Exception <a 'java/net/ConnectException'{0x00000000c6f6eb30}: Connection refused: no further information> (0x00000000c6f6eb30) 
thrown [t:\workspace\open\src\hotspot\share\prims\jni.cpp, line 600]
Event: 4.362 Thread 0x0000021774d82be0 Exception <a 'java/net/SocketException'{0x00000000c6f6ee68}: Socket is not connected: shutdown> (0x00000000c6f6ee68) 
thrown [t:\workspace\open\src\hotspot\share\prims\jni.cpp, line 600]
Event: 4.454 Thread 0x0000021774d82be0 Exception <a 'java/net/ConnectException'{0x00000000c6f6fd80}: Connection refused: no further information> (0x00000000c6f6fd80) 
thrown [t:\workspace\open\src\hotspot\share\prims\jni.cpp, line 600]
Event: 4.454 Thread 0x0000021774d82be0 Exception <a 'java/net/SocketException'{0x00000000c6f700b8}: Socket is not connected: shutdown> (0x00000000c6f700b8) 
thrown [t:\workspace\open\src\hotspot\share\prims\jni.cpp, line 600]
Event: 4.645 Thread 0x000002175795b480 Exception <a 'java/lang/NoSuchMethodError'{0x00000000c6e38d18}: 'double java.lang.invoke.DirectMethodHandle$Holder.invokeVirtual(java.lang.Object, java.lang.Object)'> (0x00000000c6e38d18) 
thrown [t:\workspace\open\src\hotspot\share\interpreter\linkResolver.cpp, line 790]
Event: 4.646 Thread 0x000002175795b480 Exception <a 'java/lang/NoSuchMethodError'{0x00000000c6e3f7e0}: 'float java.lang.invoke.DirectMethodHandle$Holder.invokeVirtual(java.lang.Object, java.lang.Object)'> (0x00000000c6e3f7e0) 
thrown [t:\workspace\open\src\hotspot\share\interpreter\linkResolver.cpp, line 790]
Event: 4.646 Thread 0x000002175795b480 Exception <a 'java/lang/NoSuchMethodError'{0x00000000c6e48d30}: 'long java.lang.invoke.DirectMethodHandle$Holder.invokeVirtual(java.lang.Object, java.lang.Object)'> (0x00000000c6e48d30) 
thrown [t:\workspace\open\src\hotspot\share\interpreter\linkResolver.cpp, line 790]
Event: 4.681 Thread 0x000002175795b480 Exception <a 'java/lang/NoSuchMethodError'{0x00000000c6da50f8}: 'void java.lang.invoke.DirectMethodHandle$Holder.invokeStatic(java.lang.Object, java.lang.Object, int)'> (0x00000000c6da50f8) 
thrown [t:\workspace\open\src\hotspot\share\interpreter\linkResolver.cpp, line 790]
Event: 4.737 Thread 0x000002175795b480 Exception <a 'java/lang/NoSuchMethodError'{0x00000000c6b3aa20}: 'int java.lang.invoke.DirectMethodHandle$Holder.invokeSpecialIFC(java.lang.Object, java.lang.Object, java.lang.Object)'> (0x00000000c6b3aa20) 
thrown [t:\workspace\open\src\hotspot\share\interpreter\linkResolver.cpp, line 790]
Event: 4.826 Thread 0x000002175795b480 Exception <a 'java/lang/NoSuchMethodError'{0x00000000c6869a08}: 'void java.lang.invoke.DirectMethodHandle$Holder.invokeSpecial(java.lang.Object, java.lang.Object, java.lang.Object, java.lang.Object, java.lang.Object, java.lang.Object)'> (0x00000000c6869a08) 
thrown [t:\workspace\open\src\hotspot\share\interpreter\linkResolver.cpp, line 790]

Events (20 events):
Event: 4.942 loading class java/nio/channels/UnsupportedAddressTypeException done
Event: 4.946 loading class sun/nio/ch/WindowsSelectorImpl$MapEntry
Event: 4.946 loading class sun/nio/ch/WindowsSelectorImpl$MapEntry done
Event: 4.953 loading class java/io/PushbackInputStream
Event: 4.953 loading class java/io/PushbackInputStream done
Event: 4.973 loading class java/nio/charset/IllegalCharsetNameException
Event: 4.973 loading class java/nio/charset/IllegalCharsetNameException done
Event: 4.973 loading class java/nio/charset/UnsupportedCharsetException
Event: 4.973 loading class java/nio/charset/UnsupportedCharsetException done
Event: 4.978 Executing  VM operation: G1TryInitiateConcMark
Event: 4.987 Executing  VM operation: G1TryInitiateConcMark done
Event: 4.991 loading class sun/nio/ch/IOVecWrapper
Event: 4.991 loading class sun/nio/ch/IOVecWrapper done
Event: 4.992 loading class sun/nio/ch/IOVecWrapper$Deallocator
Event: 4.992 loading class sun/nio/ch/IOVecWrapper$Deallocator done
Event: 5.993 Executing  VM operation: Cleanup
Event: 5.993 Executing  VM operation: Cleanup done
Event: 9.636 Thread 0x0000021774d83130 Thread exited: 0x0000021774d83130
Event: 10.010 Executing  VM operation: Cleanup
Event: 10.010 Executing  VM operation: Cleanup done


Dynamic libraries:
0x00007ff78e9a0000 - 0x00007ff78e9b0000 	C:\Program Files\Java\jdk-16.0.2\bin\javaw.exe
0x00007ffa14270000 - 0x00007ffa14465000 	C:\windows\SYSTEM32\ntdll.dll
0x00007ffa12980000 - 0x00007ffa12a3d000 	C:\windows\System32\KERNEL32.DLL
0x00007ffa119a0000 - 0x00007ffa11c69000 	C:\windows\System32\KERNELBASE.dll
0x00007ffa11dd0000 - 0x00007ffa11ed0000 	C:\windows\System32\ucrtbase.dll
0x00007ff9ea460000 - 0x00007ff9ea478000 	C:\Program Files\Java\jdk-16.0.2\bin\jli.dll
0x00007ffa13fe0000 - 0x00007ffa1408c000 	C:\windows\System32\ADVAPI32.dll
0x00007ffa13c20000 - 0x00007ffa13cbe000 	C:\windows\System32\msvcrt.dll
0x00007ffa12740000 - 0x00007ffa127db000 	C:\windows\System32\sechost.dll
0x00007ffa123b0000 - 0x00007ffa124da000 	C:\windows\System32\RPCRT4.dll
0x00007ff9ea330000 - 0x00007ff9ea349000 	C:\Program Files\Java\jdk-16.0.2\bin\VCRUNTIME140.dll
0x00007ffa14090000 - 0x00007ffa14230000 	C:\windows\System32\USER32.dll
0x00007ffa12000000 - 0x00007ffa12022000 	C:\windows\System32\win32u.dll
0x00007ffa124e0000 - 0x00007ffa1250a000 	C:\windows\System32\GDI32.dll
0x00007ffa121c0000 - 0x00007ffa122cb000 	C:\windows\System32\gdi32full.dll
0x00007ffa12120000 - 0x00007ffa121bd000 	C:\windows\System32\msvcp_win.dll
0x00007ffa0b8a0000 - 0x00007ffa0b8aa000 	C:\windows\SYSTEM32\VERSION.dll
0x00007ff9f38a0000 - 0x00007ff9f3b3a000 	C:\windows\WinSxS\amd64_microsoft.windows.common-controls_6595b64144ccf1df_6.0.19041.1110_none_60b5254171f9507e\COMCTL32.dll
0x00007ffa13cc0000 - 0x00007ffa13cf0000 	C:\windows\System32\IMM32.DLL
0x00007ffa0bf10000 - 0x00007ffa0bf1c000 	C:\Program Files\Java\jdk-16.0.2\bin\vcruntime140_1.dll
0x00007ff9df890000 - 0x00007ff9df921000 	C:\Program Files\Java\jdk-16.0.2\bin\msvcp140.dll
0x00007ff9d4380000 - 0x00007ff9d4f2b000 	C:\Program Files\Java\jdk-16.0.2\bin\server\jvm.dll
0x00007ffa12a50000 - 0x00007ffa12a58000 	C:\windows\System32\PSAPI.DLL
0x00007ff9cfa20000 - 0x00007ff9cfa29000 	C:\windows\SYSTEM32\WSOCK32.dll
0x00007ff9f5c30000 - 0x00007ff9f5c57000 	C:\windows\SYSTEM32\WINMM.dll
0x00007ffa125e0000 - 0x00007ffa1264b000 	C:\windows\System32\WS2_32.dll
0x00007ffa10230000 - 0x00007ffa10242000 	C:\windows\SYSTEM32\kernel.appcore.dll
0x00007ff9f4040000 - 0x00007ff9f404a000 	C:\Program Files\Java\jdk-16.0.2\bin\jimage.dll
0x00007ffa0ff50000 - 0x00007ffa10134000 	C:\windows\SYSTEM32\DBGHELP.DLL
0x00007ff9fbae0000 - 0x00007ff9fbb0c000 	C:\windows\SYSTEM32\dbgcore.DLL
0x00007ffa12090000 - 0x00007ffa12113000 	C:\windows\System32\bcryptPrimitives.dll
0x00007ff9e9e30000 - 0x00007ff9e9e55000 	C:\Program Files\Java\jdk-16.0.2\bin\java.dll
0x00007ffa13040000 - 0x00007ffa1377f000 	C:\windows\System32\SHELL32.dll
0x00007ffa0f7b0000 - 0x00007ffa0ff40000 	C:\windows\SYSTEM32\windows.storage.dll
0x00007ffa13790000 - 0x00007ffa13ae5000 	C:\windows\System32\combase.dll
0x00007ffa11330000 - 0x00007ffa1135c000 	C:\windows\SYSTEM32\Wldp.dll
0x00007ffa12a60000 - 0x00007ffa12b0e000 	C:\windows\System32\SHCORE.dll
0x00007ffa12350000 - 0x00007ffa123a5000 	C:\windows\System32\shlwapi.dll
0x00007ffa118e0000 - 0x00007ffa118ff000 	C:\windows\SYSTEM32\profapi.dll
0x00007ff9e9e10000 - 0x00007ff9e9e29000 	C:\Program Files\Java\jdk-16.0.2\bin\net.dll
0x00007ff9ff430000 - 0x00007ff9ff538000 	C:\windows\SYSTEM32\WINHTTP.dll
0x00007ffa11090000 - 0x00007ffa110fa000 	C:\windows\system32\mswsock.dll
0x00007ff9e8580000 - 0x00007ff9e8593000 	C:\Program Files\Java\jdk-16.0.2\bin\nio.dll
0x00007ff9e0cf0000 - 0x00007ff9e0d08000 	C:\Program Files\Java\jdk-16.0.2\bin\zip.dll
0x00007ff9f05f0000 - 0x00007ff9f0600000 	C:\Program Files\Java\jdk-16.0.2\bin\verify.dll
0x00007ffa11280000 - 0x00007ffa11298000 	C:\windows\SYSTEM32\CRYPTSP.dll
0x00007ffa10a10000 - 0x00007ffa10a44000 	C:\windows\system32\rsaenh.dll
0x00007ffa11ed0000 - 0x00007ffa11ef7000 	C:\windows\System32\bcrypt.dll
0x00007ffa118a0000 - 0x00007ffa118ce000 	C:\windows\SYSTEM32\USERENV.dll
0x00007ffa112a0000 - 0x00007ffa112ac000 	C:\windows\SYSTEM32\CRYPTBASE.dll
0x00007ffa10d80000 - 0x00007ffa10dbb000 	C:\windows\SYSTEM32\IPHLPAPI.DLL
0x00007ffa13780000 - 0x00007ffa13788000 	C:\windows\System32\NSI.dll
0x00007ffa06960000 - 0x00007ffa06977000 	C:\windows\SYSTEM32\dhcpcsvc6.DLL
0x00007ffa08160000 - 0x00007ffa0817d000 	C:\windows\SYSTEM32\dhcpcsvc.DLL
0x00007ffa10dc0000 - 0x00007ffa10e8c000 	C:\windows\SYSTEM32\DNSAPI.dll
0x00007ff9eae60000 - 0x00007ff9eae69000 	C:\Program Files\Java\jdk-16.0.2\bin\management.dll
0x00007ff9eae10000 - 0x00007ff9eae1b000 	C:\Program Files\Java\jdk-16.0.2\bin\management_ext.dll
0x00007ff9e02a0000 - 0x00007ff9e02b7000 	C:\windows\system32\napinsp.dll
0x00007ff9df180000 - 0x00007ff9df19b000 	C:\windows\system32\pnrpnsp.dll
0x00007ffa0c650000 - 0x00007ffa0c665000 	C:\windows\system32\wshbth.dll
0x00007ffa0ceb0000 - 0x00007ffa0cecd000 	C:\windows\system32\NLAapi.dll
0x00007ff9d4fe0000 - 0x00007ff9d4ff2000 	C:\windows\System32\winrnr.dll
0x00007ff9fb590000 - 0x00007ff9fb59a000 	C:\Windows\System32\rasadhlp.dll
0x00007ff9fccc0000 - 0x00007ff9fcd3f000 	C:\windows\System32\fwpuclnt.dll
0x00007ff9eada0000 - 0x00007ff9eadae000 	C:\Program Files\Java\jdk-16.0.2\bin\sunmscapi.dll
0x00007ffa11c70000 - 0x00007ffa11dcf000 	C:\windows\System32\CRYPT32.dll
0x00007ffa113a0000 - 0x00007ffa113c7000 	C:\windows\SYSTEM32\ncrypt.dll
0x00007ffa11360000 - 0x00007ffa1139b000 	C:\windows\SYSTEM32\NTASN1.dll
0x00007ff9ea450000 - 0x00007ff9ea457000 	C:\windows\system32\wshunix.dll

dbghelp: loaded successfully - version: 4.0.5 - missing functions: none
symbol engine: initialized successfully - sym options: 0x614 - pdb path: .;C:\Program Files\Java\jdk-16.0.2\bin;C:\windows\SYSTEM32;C:\windows\WinSxS\amd64_microsoft.windows.common-controls_6595b64144ccf1df_6.0.19041.1110_none_60b5254171f9507e;C:\Program Files\Java\jdk-16.0.2\bin\server

VM Arguments:
jvm_args: -Dfile.encoding=UTF-8 -XX:+ShowCodeDetailsInExceptionMessages 
java_command: cucumber.api.cli.Main C:/Users/jaine/eclipse-workspace/CodingAssignment/src/test/resources/Features/FlighBooking.feature --glue classpath: --plugin pretty --monochrome
java_class_path (initial): C:\Users\jaine\eclipse-workspace\CodingAssignment\target\classes;C:\Users\jaine\eclipse-workspace\CodingAssignment\target\test-classes;C:\Users\jaine\.m2\repository\io\cucumber\cucumber-java\6.10.4\cucumber-java-6.10.4.jar;C:\Users\jaine\.m2\repository\io\cucumber\cucumber-core\6.10.4\cucumber-core-6.10.4.jar;C:\Users\jaine\.m2\repository\io\cucumber\cucumber-gherkin\6.10.4\cucumber-gherkin-6.10.4.jar;C:\Users\jaine\.m2\repository\io\cucumber\cucumber-gherkin-messages\6.10.4\cucumber-gherkin-messages-6.10.4.jar;C:\Users\jaine\.m2\repository\io\cucumber\messages\15.0.0\messages-15.0.0.jar;C:\Users\jaine\.m2\repository\io\cucumber\tag-expressions\3.0.1\tag-expressions-3.0.1.jar;C:\Users\jaine\.m2\repository\io\cucumber\cucumber-expressions\10.3.0\cucumber-expressions-10.3.0.jar;C:\Users\jaine\.m2\repository\io\cucumber\datatable\3.5.0\datatable-3.5.0.jar;C:\Users\jaine\.m2\repository\io\cucumber\cucumber-plugin\6.10.4\cucumber-plugin-6.10.4.jar;C:\Users\jaine\.m2\repository\io\cucumber\docstring\6.10.4\docstring-6.10.4.jar;C:\Users\jaine\.m2\repository\io\cucumber\html-formatter\13.0.0\html-formatter-13.0.0.jar;C:\Users\jaine\.m2\repository\io\cucumber\create-meta\4.0.0\create-meta-4.0.0.jar;C:\Users\jaine\.m2\repository\org\apiguardian\apiguardian-api\1.1.1\apiguardian-api-1.1.1.jar;C:\Users\jaine\.m2\repository\io\cucumber\cucumber-junit\6.10.3\cucumber-junit-6.10.3.jar;C:\Users\jaine\.m2\repository\junit\junit\4.13.2\junit-4.13.2.jar;C:\Users\jaine\.m2\repository\org\hamcrest\hamcrest-core\1.3\hamcrest-core-1.3.jar;C:\Users\jaine\.m2\repository\org\seleniumhq\selenium\selenium-java\4.0.0-beta-4\selenium-java-4.0.0-beta-4.jar;C:\Users\jaine\.m2\repository\org\seleniumhq\selenium\selenium-api\4.0.0-beta-4\selenium-api-4.0.0-beta-4.jar;C:\Users\jaine\.m2\repository\org\seleniumhq\selenium\selenium-chrome-driver\4.0.0-beta-4\selenium-chrome-driver-4.0.0-beta-4.jar;C:\Users\jaine\.m2\repository\com\google\auto\service\auto-service-annotation
Launcher Type: SUN_STANDARD

[Global flags]
     intx CICompilerCount                          = 3                                         {product} {ergonomic}
     uint ConcGCThreads                            = 1                                         {product} {ergonomic}
     uint G1ConcRefinementThreads                  = 4                                         {product} {ergonomic}
   size_t G1HeapRegionSize                         = 1048576                                   {product} {ergonomic}
    uintx GCDrainStackTargetSize                   = 64                                        {product} {ergonomic}
   size_t InitialHeapSize                          = 62914560                                  {product} {ergonomic}
   size_t MarkStackSize                            = 4194304                                   {product} {ergonomic}
   size_t MaxHeapSize                              = 994050048                                 {product} {ergonomic}
   size_t MaxNewSize                               = 595591168                                 {product} {ergonomic}
   size_t MinHeapDeltaBytes                        = 1048576                                   {product} {ergonomic}
   size_t MinHeapSize                              = 8388608                                   {product} {ergonomic}
    uintx NonNMethodCodeHeapSize                   = 5832780                                {pd product} {ergonomic}
    uintx NonProfiledCodeHeapSize                  = 122912730                              {pd product} {ergonomic}
    uintx ProfiledCodeHeapSize                     = 122912730                              {pd product} {ergonomic}
    uintx ReservedCodeCacheSize                    = 251658240                              {pd product} {ergonomic}
     bool SegmentedCodeCache                       = true                                      {product} {ergonomic}
     bool ShowCodeDetailsInExceptionMessages       = true                                   {manageable} {command line}
   size_t SoftMaxHeapSize                          = 994050048                              {manageable} {ergonomic}
     bool UseCompressedClassPointers               = true                           {product lp64_product} {ergonomic}
     bool UseCompressedOops                        = true                           {product lp64_product} {ergonomic}
     bool UseG1GC                                  = true                                      {product} {ergonomic}
     bool UseLargePagesIndividualAllocation        = false                                  {pd product} {ergonomic}

Logging:
Log output configuration:
 #0: stdout all=warning uptime,level,tags
 #1: stderr all=off uptime,level,tags

Environment Variables:
PATH=C:/Users/jaine/.p2/pool/plugins/org.eclipse.justj.openjdk.hotspot.jre.full.win32.x86_64_16.0.2.v20210721-1149/jre/bin/server;C:/Users/jaine/.p2/pool/plugins/org.eclipse.justj.openjdk.hotspot.jre.full.win32.x86_64_16.0.2.v20210721-1149/jre/bin;C:\Program Files\Common Files\Oracle\Java\javapath;C:\windows\system32;C:\windows;C:\windows\System32\Wbem;C:\windows\System32\WindowsPowerShell\v1.0\;C:\windows\System32\OpenSSH\;C:\Program Files\Git\cmd;C:\Program Files\TortoiseGit\bin;C:\Users\jaine\AppData\Local\Microsoft\WindowsApps;;C:\Users\jaine\AppData\Local\JetBrains\IntelliJ IDEA 2021.2.1\bin;;C:\Program Files\JetBrains\IntelliJ IDEA Community Edition 2021.2.1\bin;;C:\windows\system32;
USERNAME=jaine
OS=Windows_NT
PROCESSOR_IDENTIFIER=Intel64 Family 6 Model 126 Stepping 5, GenuineIntel



---------------  S Y S T E M  ---------------

OS:
 Windows 10 , 64 bit Build 19041 (10.0.19041.1151)
OS uptime: 7 days 12:25 hours

CPU: total 4 (initial active 4) (2 cores per cpu, 2 threads per core) family 6 model 126 stepping 5 microcode 0xa0, cx8, cmov, fxsr, ht, mmx, 3dnowpref, sse, sse2, sse3, ssse3, sse4.1, sse4.2, popcnt, lzcnt, tsc, tscinvbit, avx, avx2, aes, erms, clmul, bmi1, bmi2, adx, avx512f, avx512dq, avx512cd, avx512bw, avx512vl, sha, fma, vzeroupper, avx512_vpopcntdq, avx512_vpclmulqdq, avx512_vaes, avx512_vnni, clflush, clflushopt, avx512_vmbi2, avx512_vmbi

Memory: 4k page, system-wide physical 3785M (66M free)
TotalPageFile size 15561M (AvailPageFile size 1M)
current process WorkingSet (physical memory assigned to process): 140M, peak: 151M
current process commit charge ("private bytes"): 185M, peak: 193M

vm_info: Java HotSpot(TM) 64-Bit Server VM (16.0.2+7-67) for windows-amd64 JRE (16.0.2+7-67), built on Jun  8 2021 23:24:19 by "mach5one" with MS VC++ 16.7 (VS2019)

END.
